<?xml version="1.0" encoding="UTF-8"?>
<!-- Generated by org.testng.reporters.JUnitXMLReporter -->
<testsuite ignored="1" hostname="SF-LAP-439" failures="1" tests="1" name="Default test(failed)" time="12.623" errors="0" timestamp="2023-01-25T02:12:02 IST">
  <testcase classname="com.cogmento.qa.testcases.ProductPageTest" name="validateCreateNewProduct" time="0.123">
    <failure type="java.lang.Error" message="Unresolved compilation problem: 
	newbutton cannot be resolved or is not a field
">
      <![CDATA[java.lang.Error: Unresolved compilation problem: 
newbutton cannot be resolved or is not a field

at org.cogmento.qa.pages.ProductPage.createNewProduct(ProductPage.java:64)
at com.cogmento.qa.testcases.ProductPageTest.validateCreateNewProduct(ProductPageTest.java:56)
at java.base/java.util.ArrayList.forEach(ArrayList.java:1541)
... Removed 27 stack frames]]>
    </failure>
  </testcase> <!-- validateCreateNewProduct -->
  <testcase classname="com.cogmento.qa.testcases.ProductPageTest" name="validateNewbutton" time="0.0">
    <ignored/>
  </testcase> <!-- validateNewbutton -->
</testsuite> <!-- Default test(failed) -->
