<?xml version="1.0" encoding="UTF-8"?>
<!-- Generated by org.testng.reporters.JUnitXMLReporter -->
<testsuite ignored="0" hostname="SF-LAP-439" failures="0" tests="4" name="Default test" time="11.208" errors="0" timestamp="2023-07-07T01:17:54 IST">
  <testcase classname="com.cogmento.qa.testcases.HomePageTest" name="verifyHomePageTitle" time="0.02"/>
  <testcase classname="com.cogmento.qa.testcases.HomePageTest" name="verifyUserName" time="2.252"/>
  <testcase classname="com.cogmento.qa.testcases.HomePageTest" name="verifyContactsPage" time="0.157"/>
  <testcase classname="com.cogmento.qa.testcases.HomePageTest" name="verifyCompaniesPage" time="0.112"/>
</testsuite> <!-- Default test -->
